<?xml version="1.0" encoding="UTF-8" ?>
<testsuite tests="1" failures="0" name="com.stefanini.model.PessoaTest" time="0.503" errors="0" skipped="0">
  <properties>
    <property name="java.runtime.name" value="Java(TM) SE Runtime Environment"/>
    <property name="java.vm.version" value="13.0.2+8"/>
    <property name="sun.boot.library.path" value="/usr/lib/jvm/java-13-oracle/lib"/>
    <property name="maven.multiModuleProjectDirectory" value="/home/dernival_liandro/workspace/projeto-jpa-cdi"/>
    <property name="java.vm.vendor" value="Oracle Corporation"/>
    <property name="java.vendor.url" value="https://java.oracle.com/"/>
    <property name="guice.disable.misplaced.annotation.check" value="true"/>
    <property name="path.separator" value=":"/>
    <property name="java.vm.name" value="Java HotSpot(TM) 64-Bit Server VM"/>
    <property name="user.country" value="BR"/>
    <property name="sun.java.launcher" value="SUN_STANDARD"/>
    <property name="java.vm.specification.name" value="Java Virtual Machine Specification"/>
    <property name="user.dir" value="/home/dernival_liandro/workspace/projeto-jpa-cdi"/>
    <property name="java.vm.compressedOopsMode" value="32-bit"/>
    <property name="forkCount" value="0"/>
    <property name="intellij.debug.agent" value="true"/>
    <property name="java.runtime.version" value="13.0.2+8"/>
    <property name="basedir" value="/home/dernival_liandro/workspace/projeto-jpa-cdi"/>
    <property name="os.arch" value="amd64"/>
    <property name="java.io.tmpdir" value="/tmp"/>
    <property name="line.separator" value="
"/>
    <property name="java.vm.specification.vendor" value="Oracle Corporation"/>
    <property name="os.name" value="Linux"/>
    <property name="reuseForks" value="false"/>
    <property name="maven.ext.class.path" value="/home/dernival_liandro/.local/share/JetBrains/Toolbox/apps/IDEA-U/ch-0/193.6494.35/plugins/maven/lib/maven-event-listener.jar"/>
    <property name="classworlds.conf" value="/home/dernival_liandro/.local/share/JetBrains/Toolbox/apps/IDEA-U/ch-0/193.6494.35/plugins/maven/lib/maven3/bin/m2.conf"/>
    <property name="sun.jnu.encoding" value="UTF-8"/>
    <property name="java.library.path" value="/usr/java/packages/lib:/usr/lib64:/lib64:/lib:/usr/lib"/>
    <property name="surefire.test.class.path" value="/home/dernival_liandro/workspace/projeto-jpa-cdi/target/test-classes:/home/dernival_liandro/workspace/projeto-jpa-cdi/target/classes:/home/dernival_liandro/.m2/repository/org/hibernate/hibernate-core/5.4.12.Final/hibernate-core-5.4.12.Final.jar:/home/dernival_liandro/.m2/repository/org/jboss/logging/jboss-logging/3.3.2.Final/jboss-logging-3.3.2.Final.jar:/home/dernival_liandro/.m2/repository/javax/persistence/javax.persistence-api/2.2/javax.persistence-api-2.2.jar:/home/dernival_liandro/.m2/repository/org/javassist/javassist/3.24.0-GA/javassist-3.24.0-GA.jar:/home/dernival_liandro/.m2/repository/net/bytebuddy/byte-buddy/1.10.7/byte-buddy-1.10.7.jar:/home/dernival_liandro/.m2/repository/antlr/antlr/2.7.7/antlr-2.7.7.jar:/home/dernival_liandro/.m2/repository/org/jboss/spec/javax/transaction/jboss-transaction-api_1.2_spec/1.1.1.Final/jboss-transaction-api_1.2_spec-1.1.1.Final.jar:/home/dernival_liandro/.m2/repository/org/jboss/jandex/2.1.1.Final/jandex-2.1.1.Final.jar:/home/dernival_liandro/.m2/repository/com/fasterxml/classmate/1.5.1/classmate-1.5.1.jar:/home/dernival_liandro/.m2/repository/javax/activation/javax.activation-api/1.2.0/javax.activation-api-1.2.0.jar:/home/dernival_liandro/.m2/repository/org/dom4j/dom4j/2.1.1/dom4j-2.1.1.jar:/home/dernival_liandro/.m2/repository/org/hibernate/common/hibernate-commons-annotations/5.1.0.Final/hibernate-commons-annotations-5.1.0.Final.jar:/home/dernival_liandro/.m2/repository/javax/xml/bind/jaxb-api/2.3.1/jaxb-api-2.3.1.jar:/home/dernival_liandro/.m2/repository/org/glassfish/jaxb/jaxb-runtime/2.3.1/jaxb-runtime-2.3.1.jar:/home/dernival_liandro/.m2/repository/org/glassfish/jaxb/txw2/2.3.1/txw2-2.3.1.jar:/home/dernival_liandro/.m2/repository/com/sun/istack/istack-commons-runtime/3.0.7/istack-commons-runtime-3.0.7.jar:/home/dernival_liandro/.m2/repository/org/jvnet/staxex/stax-ex/1.8/stax-ex-1.8.jar:/home/dernival_liandro/.m2/repository/com/sun/xml/fastinfoset/FastInfoset/1.2.15/FastInfoset-1.2.15.jar:/home/dernival_liandro/.m2/repository/org/hibernate/hibernate-entitymanager/5.4.12.Final/hibernate-entitymanager-5.4.12.Final.jar:/home/dernival_liandro/.m2/repository/org/postgresql/postgresql/42.2.10/postgresql-42.2.10.jar:/home/dernival_liandro/.m2/repository/org/jboss/weld/se/weld-se-core/3.0.1.Final/weld-se-core-3.0.1.Final.jar:/home/dernival_liandro/.m2/repository/org/jboss/weld/environment/weld-environment-common/3.0.1.Final/weld-environment-common-3.0.1.Final.jar:/home/dernival_liandro/.m2/repository/org/jboss/weld/weld-core-impl/3.0.1.Final/weld-core-impl-3.0.1.Final.jar:/home/dernival_liandro/.m2/repository/org/jboss/weld/weld-api/3.0.SP1/weld-api-3.0.SP1.jar:/home/dernival_liandro/.m2/repository/org/jboss/weld/weld-spi/3.0.SP1/weld-spi-3.0.SP1.jar:/home/dernival_liandro/.m2/repository/javax/annotation/javax.annotation-api/1.3/javax.annotation-api-1.3.jar:/home/dernival_liandro/.m2/repository/org/jboss/spec/javax/el/jboss-el-api_3.0_spec/1.0.7.Final/jboss-el-api_3.0_spec-1.0.7.Final.jar:/home/dernival_liandro/.m2/repository/org/jboss/spec/javax/interceptor/jboss-interceptors-api_1.2_spec/1.0.0.Final/jboss-interceptors-api_1.2_spec-1.0.0.Final.jar:/home/dernival_liandro/.m2/repository/org/jboss/weld/probe/weld-probe-core/3.0.1.Final/weld-probe-core-3.0.1.Final.jar:/home/dernival_liandro/.m2/repository/javax/enterprise/cdi-api/2.0/cdi-api-2.0.jar:/home/dernival_liandro/.m2/repository/javax/inject/javax.inject/1/javax.inject-1.jar:/home/dernival_liandro/.m2/repository/org/jboss/classfilewriter/jboss-classfilewriter/1.2.1.Final/jboss-classfilewriter-1.2.1.Final.jar:/home/dernival_liandro/.m2/repository/org/hibernate/validator/hibernate-validator/6.1.2.Final/hibernate-validator-6.1.2.Final.jar:/home/dernival_liandro/.m2/repository/jakarta/validation/jakarta.validation-api/2.0.2/jakarta.validation-api-2.0.2.jar:/home/dernival_liandro/.m2/repository/org/hibernate/validator/hibernate-validator-cdi/6.1.2.Final/hibernate-validator-cdi-6.1.2.Final.jar:/home/dernival_liandro/.m2/repository/org/glassfish/javax.el/3.0.1-b11/javax.el-3.0.1-b11.jar:/home/dernival_liandro/.m2/repository/junit/junit/4.13/junit-4.13.jar:/home/dernival_liandro/.m2/repository/org/hamcrest/hamcrest-core/1.3/hamcrest-core-1.3.jar:/home/dernival_liandro/.m2/repository/org/projectlombok/lombok/1.18.10/lombok-1.18.10.jar:"/>
    <property name="jboss.modules.system.pkgs" value="com.intellij.rt"/>
    <property name="maven.conf" value="/home/dernival_liandro/.local/share/JetBrains/Toolbox/apps/IDEA-U/ch-0/193.6494.35/plugins/maven/lib/maven3/conf"/>
    <property name="jdk.debug" value="release"/>
    <property name="java.class.version" value="57.0"/>
    <property name="java.specification.name" value="Java Platform API Specification"/>
    <property name="sun.management.compiler" value="HotSpot 64-Bit Tiered Compilers"/>
    <property name="idea.version2019.3.3" value="true"/>
    <property name="os.version" value="5.3.0-40-generic"/>
    <property name="user.home" value="/home/dernival_liandro"/>
    <property name="user.timezone" value="America/Sao_Paulo"/>
    <property name="file.encoding" value="UTF-8"/>
    <property name="java.specification.version" value="13"/>
    <property name="user.name" value="dernival_liandro"/>
    <property name="java.class.path" value="/home/dernival_liandro/.local/share/JetBrains/Toolbox/apps/IDEA-U/ch-0/193.6494.35/plugins/maven/lib/maven3/boot/plexus-classworlds-2.6.0.jar:/home/dernival_liandro/.local/share/JetBrains/Toolbox/apps/IDEA-U/ch-0/193.6494.35/lib/idea_rt.jar"/>
    <property name="java.vm.specification.version" value="13"/>
    <property name="sun.arch.data.model" value="64"/>
    <property name="sun.java.command" value="org.codehaus.classworlds.Launcher -Didea.version2019.3.3 verify -DforkMode=never -DforkCount=0 -DreuseForks=false"/>
    <property name="java.home" value="/usr/lib/jvm/java-13-oracle"/>
    <property name="user.language" value="pt"/>
    <property name="java.specification.vendor" value="Oracle Corporation"/>
    <property name="java.vm.info" value="mixed mode, sharing"/>
    <property name="java.version" value="13.0.2"/>
    <property name="securerandom.source" value="file:/dev/./urandom"/>
    <property name="java.vendor" value="Oracle Corporation"/>
    <property name="maven.home" value="/home/dernival_liandro/.local/share/JetBrains/Toolbox/apps/IDEA-U/ch-0/193.6494.35/plugins/maven/lib/maven3"/>
    <property name="localRepository" value="/home/dernival_liandro/.m2/repository"/>
    <property name="file.separator" value="/"/>
    <property name="java.version.date" value="2020-01-14"/>
    <property name="java.vendor.url.bug" value="https://bugreport.java.com/bugreport/"/>
    <property name="forkMode" value="never"/>
    <property name="sun.io.unicode.encoding" value="UnicodeLittle"/>
    <property name="sun.cpu.endian" value="little"/>
  </properties>
  <testcase classname="com.stefanini.model.PessoaTest" name="naoDeveAceitarSobrenomeCurto" time="0.503"/>
</testsuite>